{
  "stats": {
    "suites": 1,
    "tests": 1,
    "passes": 0,
    "pending": 1,
    "failures": 0,
    "start": "2017-04-14T12:36:13.048Z",
    "end": "2017-04-14T12:36:13.054Z",
    "duration": 6,
    "testsRegistered": 1,
    "passPercent": null,
    "pendingPercent": 100,
    "other": 0,
    "hasOther": false,
    "skipped": 0,
    "hasSkipped": false,
    "passPercentClass": "success",
    "pendingPercentClass": "success"
  },
  "suites": {
    "title": "",
    "suites": [
      {
        "title": "Toto",
        "suites": [],
        "tests": [
          {
            "title": "doit rendre vrai",
            "fullTitle": "Toto doit rendre vrai",
            "timedOut": false,
            "duration": 0,
            "pass": false,
            "fail": false,
            "pending": true,
            "code": "",
            "err": {},
            "isRoot": false,
            "uuid": "92471acc-f27e-48c2-bde4-833c22577a87",
            "parentUUID": "b560020e-c562-4518-ac87-5baf188bc970",
            "skipped": false
          }
        ],
        "pending": [
          {
            "title": "doit rendre vrai",
            "fullTitle": "Toto doit rendre vrai",
            "timedOut": false,
            "duration": 0,
            "pass": false,
            "fail": false,
            "pending": true,
            "code": "",
            "err": {},
            "isRoot": false,
            "uuid": "92471acc-f27e-48c2-bde4-833c22577a87",
            "parentUUID": "b560020e-c562-4518-ac87-5baf188bc970",
            "skipped": false
          }
        ],
        "root": false,
        "_timeout": 2000,
        "file": "\\test.js",
        "uuid": "b560020e-c562-4518-ac87-5baf188bc970",
        "fullFile": "D:\\nodejs\\nodejs-test-unit-typescript-telephone\\test.js",
        "passes": [],
        "failures": [],
        "skipped": [],
        "hasTests": true,
        "hasSuites": false,
        "totalTests": 1,
        "totalPasses": 0,
        "totalFailures": 0,
        "totalPending": 1,
        "totalSkipped": 0,
        "hasPasses": false,
        "hasFailures": false,
        "hasPending": true,
        "hasSkipped": false,
        "duration": 0,
        "rootEmpty": false
      }
    ],
    "tests": [],
    "pending": [],
    "root": true,
    "_timeout": 2000,
    "uuid": "7140bd43-e1be-4c94-9062-81708073b779",
    "fullFile": "",
    "file": "",
    "passes": [],
    "failures": [],
    "skipped": [],
    "hasTests": false,
    "hasSuites": true,
    "totalTests": 0,
    "totalPasses": 0,
    "totalFailures": 0,
    "totalPending": 0,
    "totalSkipped": 0,
    "hasPasses": false,
    "hasFailures": false,
    "hasPending": false,
    "hasSkipped": false,
    "duration": 0,
    "rootEmpty": true
  },
  "allTests": [
    {
      "title": "doit rendre vrai",
      "fullTitle": "Toto doit rendre vrai",
      "timedOut": false,
      "duration": 0,
      "pass": false,
      "fail": false,
      "pending": true,
      "code": "",
      "err": {},
      "isRoot": false,
      "uuid": "92471acc-f27e-48c2-bde4-833c22577a87",
      "parentUUID": "b560020e-c562-4518-ac87-5baf188bc970",
      "skipped": false
    }
  ],
  "allPending": [
    {
      "title": "doit rendre vrai",
      "fullTitle": "Toto doit rendre vrai",
      "timedOut": false,
      "duration": 0,
      "pass": false,
      "fail": false,
      "pending": true,
      "code": "",
      "err": {},
      "isRoot": false,
      "uuid": "92471acc-f27e-48c2-bde4-833c22577a87",
      "parentUUID": "b560020e-c562-4518-ac87-5baf188bc970",
      "skipped": false
    }
  ],
  "allPasses": [],
  "allFailures": [],
  "copyrightYear": 2017
}